[debug] [2022-04-08T17:39:58.420Z] ----------------------------------------------------------------------
[debug] [2022-04-08T17:39:58.422Z] Command:       C:\Program Files\nodejs\node.exe C:\Users\Guilherme\AppData\Roaming\npm\node_modules\firebase-tools\lib\bin\firebase.js deploy
[debug] [2022-04-08T17:39:58.423Z] CLI Version:   10.5.0
[debug] [2022-04-08T17:39:58.423Z] Platform:      win32
[debug] [2022-04-08T17:39:58.423Z] Node Version:  v16.14.2
[debug] [2022-04-08T17:39:58.424Z] Time:          Fri Apr 08 2022 14:39:58 GMT-0300 (Horário Padrão de Brasília)
[debug] [2022-04-08T17:39:58.424Z] ----------------------------------------------------------------------
[debug] 
[debug] [2022-04-08T17:39:58.501Z] > command requires scopes: ["email","openid","https://www.googleapis.com/auth/cloudplatformprojects.readonly","https://www.googleapis.com/auth/firebase","https://www.googleapis.com/auth/cloud-platform"]
[debug] [2022-04-08T17:39:58.501Z] > authorizing via signed-in user (guilhermevbarbosa1999@gmail.com)
[debug] [2022-04-08T17:39:58.501Z] [iam] checking project festa-gabi for permissions ["firebase.projects.get","firebasehosting.sites.update"]
[debug] [2022-04-08T17:39:58.503Z] >>> [apiv2][query] POST https://cloudresourcemanager.googleapis.com/v1/projects/festa-gabi:testIamPermissions [none]
[debug] [2022-04-08T17:39:58.504Z] >>> [apiv2][body] POST https://cloudresourcemanager.googleapis.com/v1/projects/festa-gabi:testIamPermissions {"permissions":["firebase.projects.get","firebasehosting.sites.update"]}
[debug] [2022-04-08T17:40:00.078Z] <<< [apiv2][status] POST https://cloudresourcemanager.googleapis.com/v1/projects/festa-gabi:testIamPermissions 200
[debug] [2022-04-08T17:40:00.078Z] <<< [apiv2][body] POST https://cloudresourcemanager.googleapis.com/v1/projects/festa-gabi:testIamPermissions {"permissions":["firebase.projects.get","firebasehosting.sites.update"]}
[debug] [2022-04-08T17:40:00.080Z] >>> [apiv2][query] GET https://firebase.googleapis.com/v1beta1/projects/festa-gabi [none]
[debug] [2022-04-08T17:40:00.756Z] <<< [apiv2][status] GET https://firebase.googleapis.com/v1beta1/projects/festa-gabi 200
[debug] [2022-04-08T17:40:00.756Z] <<< [apiv2][body] GET https://firebase.googleapis.com/v1beta1/projects/festa-gabi {"projectId":"festa-gabi","projectNumber":"495339760063","displayName":"festa-gabi","name":"projects/festa-gabi","resources":{"hostingSite":"festa-gabi","storageBucket":"festa-gabi.appspot.com","locationId":"us-central"},"state":"ACTIVE"}
[info] 
[info] === Deploying to 'festa-gabi'...
[info] 
[info] i  deploying hosting 
[debug] [2022-04-08T17:40:00.758Z] >>> [apiv2][query] GET https://firebase.googleapis.com/v1beta1/projects/festa-gabi [none]
[debug] [2022-04-08T17:40:02.514Z] <<< [apiv2][status] GET https://firebase.googleapis.com/v1beta1/projects/festa-gabi 200
[debug] [2022-04-08T17:40:02.514Z] <<< [apiv2][body] GET https://firebase.googleapis.com/v1beta1/projects/festa-gabi {"projectId":"festa-gabi","projectNumber":"495339760063","displayName":"festa-gabi","name":"projects/festa-gabi","resources":{"hostingSite":"festa-gabi","storageBucket":"festa-gabi.appspot.com","locationId":"us-central"},"state":"ACTIVE"}
[debug] [2022-04-08T17:40:02.516Z] >>> [apiv2][query] POST https://firebasehosting.googleapis.com/v1beta1/projects/495339760063/sites/festa-gabi/versions [none]
[debug] [2022-04-08T17:40:02.516Z] >>> [apiv2][body] POST https://firebasehosting.googleapis.com/v1beta1/projects/495339760063/sites/festa-gabi/versions {"config":{"rewrites":[{"glob":"**","path":"/index.html"}]},"labels":{"deployment-tool":"cli-firebase"}}
[debug] [2022-04-08T17:40:04.221Z] <<< [apiv2][status] POST https://firebasehosting.googleapis.com/v1beta1/projects/495339760063/sites/festa-gabi/versions 200
[debug] [2022-04-08T17:40:04.221Z] <<< [apiv2][body] POST https://firebasehosting.googleapis.com/v1beta1/projects/495339760063/sites/festa-gabi/versions {"name":"projects/495339760063/sites/festa-gabi/versions/81bf695ab5deff64","status":"CREATED","config":{"rewrites":[{"glob":"**","path":"/index.html"}]},"labels":{"deployment-tool":"cli-firebase"}}
[info] i  hosting[festa-gabi]: beginning deploy... 
[info] i  hosting[festa-gabi]: found 7 files in public 
[debug] [2022-04-08T17:40:04.227Z] [hosting] uploading with 200 concurrency
[debug] [2022-04-08T17:40:04.263Z] [hosting] hash cache [cHVibGlj] stored for 7 files
[debug] [2022-04-08T17:40:04.263Z] [hosting][hash queue][FINAL] {"max":32,"min":1,"avg":7.857142857142857,"active":0,"complete":7,"success":7,"errored":0,"retried":0,"total":7,"elapsed":35}
[debug] [2022-04-08T17:40:04.263Z] >>> [apiv2][query] POST https://firebasehosting.googleapis.com/v1beta1/projects/495339760063/sites/festa-gabi/versions/81bf695ab5deff64:populateFiles [none]
[debug] [2022-04-08T17:40:04.263Z] >>> [apiv2][body] POST https://firebasehosting.googleapis.com/v1beta1/projects/495339760063/sites/festa-gabi/versions/81bf695ab5deff64:populateFiles {"files":{"/favicon.ico":"adcc10ab0c2f422e79938105d0b5f19d986cb7fc0212471c83fc38fadee0d499","/index.html":"bf12e8054e6253c6dac989a1bcaf9dbd2db4be2d551b4055716fc91b4f080f78","/3rdpartylicenses.txt":"7d4ebcdd1c618efd6ec3871f0c7a9c31b13983e21d3e6238e392fd9b43b33912","/runtime.0476a8a18b964ec3.js":"4f7f8ea7aa0d4f331df4fed3b75418eb79f14bf661c704d900ca45e9e5610b42","/styles.148715098f3a5e39.css":"213513dbf83d69afa62b9c6cef392eec21c9f7f021aa1537897ca2955e922375","/polyfills.d93f6dcee9b2d62f.js":"c2808bcc4542a508cdec04635e6b50a3005ae0606734aa2b42e39e400bd80d6c","/main.32477a1c61589d07.js":"54080bc63a11cf9fa046d1186d06088a49dba25dcc6ed09c43f52b4b98969a84"}}
[debug] [2022-04-08T17:40:05.472Z] <<< [apiv2][status] POST https://firebasehosting.googleapis.com/v1beta1/projects/495339760063/sites/festa-gabi/versions/81bf695ab5deff64:populateFiles 200
[debug] [2022-04-08T17:40:05.472Z] <<< [apiv2][body] POST https://firebasehosting.googleapis.com/v1beta1/projects/495339760063/sites/festa-gabi/versions/81bf695ab5deff64:populateFiles {"uploadRequiredHashes":["54080bc63a11cf9fa046d1186d06088a49dba25dcc6ed09c43f52b4b98969a84","bf12e8054e6253c6dac989a1bcaf9dbd2db4be2d551b4055716fc91b4f080f78"],"uploadUrl":"https://upload-firebasehosting.googleapis.com/upload/sites/festa-gabi/versions/81bf695ab5deff64/files"}
[debug] [2022-04-08T17:40:05.473Z] >>> [apiv2][query] POST https://upload-firebasehosting.googleapis.com/upload/sites/festa-gabi/versions/81bf695ab5deff64/files/54080bc63a11cf9fa046d1186d06088a49dba25dcc6ed09c43f52b4b98969a84 [none]
[debug] [2022-04-08T17:40:05.473Z] >>> [apiv2][body] POST https://upload-firebasehosting.googleapis.com/upload/sites/festa-gabi/versions/81bf695ab5deff64/files/54080bc63a11cf9fa046d1186d06088a49dba25dcc6ed09c43f52b4b98969a84 [stream]
[debug] [2022-04-08T17:40:05.474Z] >>> [apiv2][query] POST https://upload-firebasehosting.googleapis.com/upload/sites/festa-gabi/versions/81bf695ab5deff64/files/bf12e8054e6253c6dac989a1bcaf9dbd2db4be2d551b4055716fc91b4f080f78 [none]
[debug] [2022-04-08T17:40:05.474Z] >>> [apiv2][body] POST https://upload-firebasehosting.googleapis.com/upload/sites/festa-gabi/versions/81bf695ab5deff64/files/bf12e8054e6253c6dac989a1bcaf9dbd2db4be2d551b4055716fc91b4f080f78 [stream]
[debug] [2022-04-08T17:40:05.474Z] [hosting][populate queue][FINAL] {"max":1211,"min":1211,"avg":1211,"active":0,"complete":1,"success":1,"errored":0,"retried":0,"total":1,"elapsed":1212}
[debug] [2022-04-08T17:40:05.474Z] [hosting] uploads queued: 2
[debug] [2022-04-08T17:40:08.363Z] <<< [apiv2][status] POST https://upload-firebasehosting.googleapis.com/upload/sites/festa-gabi/versions/81bf695ab5deff64/files/bf12e8054e6253c6dac989a1bcaf9dbd2db4be2d551b4055716fc91b4f080f78 200
[debug] [2022-04-08T17:40:08.363Z] <<< [apiv2][body] POST https://upload-firebasehosting.googleapis.com/upload/sites/festa-gabi/versions/81bf695ab5deff64/files/bf12e8054e6253c6dac989a1bcaf9dbd2db4be2d551b4055716fc91b4f080f78 [stream]
[debug] [2022-04-08T17:40:09.778Z] <<< [apiv2][status] POST https://upload-firebasehosting.googleapis.com/upload/sites/festa-gabi/versions/81bf695ab5deff64/files/54080bc63a11cf9fa046d1186d06088a49dba25dcc6ed09c43f52b4b98969a84 200
[debug] [2022-04-08T17:40:09.778Z] <<< [apiv2][body] POST https://upload-firebasehosting.googleapis.com/upload/sites/festa-gabi/versions/81bf695ab5deff64/files/54080bc63a11cf9fa046d1186d06088a49dba25dcc6ed09c43f52b4b98969a84 [stream]
[debug] [2022-04-08T17:40:09.778Z] [hosting][upload queue][FINAL] {"max":4306,"min":2890,"avg":3598,"active":0,"complete":2,"success":2,"errored":0,"retried":0,"total":2,"elapsed":4306}
[info] +  hosting[festa-gabi]: file upload complete 
[debug] [2022-04-08T17:40:09.779Z] [hosting] deploy completed after 5557ms
[debug] [2022-04-08T17:40:09.780Z] [
  {
    "config": {
      "public": "public",
      "ignore": [
        "firebase.json",
        "**/.*",
        "**/node_modules/**"
      ],
      "rewrites": [
        {
          "source": "**",
          "destination": "/index.html"
        }
      ],
      "site": "festa-gabi"
    },
    "site": "festa-gabi",
    "version": "projects/495339760063/sites/festa-gabi/versions/81bf695ab5deff64"
  }
]
[info] i  hosting[festa-gabi]: finalizing version... 
[debug] [2022-04-08T17:40:09.781Z] >>> [apiv2][query] PATCH https://firebasehosting.googleapis.com/v1beta1/projects/495339760063/sites/festa-gabi/versions/81bf695ab5deff64 updateMask=status
[debug] [2022-04-08T17:40:09.781Z] >>> [apiv2][body] PATCH https://firebasehosting.googleapis.com/v1beta1/projects/495339760063/sites/festa-gabi/versions/81bf695ab5deff64 {"status":"FINALIZED"}
